E:\VS2010\VS2010PROJECT\PROJECT\EX5判断素数\RELEASE\BCONTROL.OBJ
E:\VS2010\VS2010PROJECT\PROJECT\EX5判断素数\RELEASE\BFORM.OBJ
E:\VS2010\VS2010PROJECT\PROJECT\EX5判断素数\RELEASE\BMENUITEM.OBJ
E:\VS2010\VS2010PROJECT\PROJECT\EX5判断素数\RELEASE\BWINDOWS.OBJ
E:\VS2010\VS2010PROJECT\PROJECT\EX5判断素数\RELEASE\BWNDBASE.OBJ
E:\VS2010\VS2010Project\Project\ex5判断素数\Release\cl.command.1.tlog
E:\VS2010\VS2010Project\Project\ex5判断素数\Release\CL.read.1.tlog
E:\VS2010\VS2010Project\Project\ex5判断素数\Release\CL.write.1.tlog
E:\VS2010\VS2010PROJECT\PROJECT\EX5判断素数\RELEASE\EX5判断素数.EXE
E:\VS2010\VS2010PROJECT\PROJECT\EX5判断素数\RELEASE\EX5判断素数.EXE.INTERMEDIATE.MANIFEST
E:\VS2010\VS2010PROJECT\PROJECT\EX5判断素数\RELEASE\EX5判断素数.PDB
E:\VS2010\VS2010Project\Project\ex5判断素数\Release\ex5判断素数.vcxprojResolveAssemblyReference.cache
E:\VS2010\VS2010Project\Project\ex5判断素数\Release\ex5判断素数.write.1.tlog
E:\VS2010\VS2010Project\Project\ex5判断素数\Release\link.command.1.tlog
E:\VS2010\VS2010Project\Project\ex5判断素数\Release\link.read.1.tlog
E:\VS2010\VS2010Project\Project\ex5判断素数\Release\link.write.1.tlog
E:\VS2010\VS2010Project\Project\ex5判断素数\Release\link-cvtres.read.1.tlog
E:\VS2010\VS2010Project\Project\ex5判断素数\Release\link-cvtres.write.1.tlog
E:\VS2010\VS2010PROJECT\PROJECT\EX5判断素数\RELEASE\MAIN.OBJ
E:\VS2010\VS2010Project\Project\ex5判断素数\Release\mt.command.1.tlog
E:\VS2010\VS2010Project\Project\ex5判断素数\Release\mt.read.1.tlog
E:\VS2010\VS2010Project\Project\ex5判断素数\Release\mt.write.1.tlog
E:\VS2010\VS2010Project\Project\ex5判断素数\Release\rc.command.1.tlog
E:\VS2010\VS2010Project\Project\ex5判断素数\Release\rc.read.1.tlog
E:\VS2010\VS2010Project\Project\ex5判断素数\Release\rc.write.1.tlog
E:\VS2010\VS2010PROJECT\PROJECT\EX5判断素数\RELEASE\TEMPLATE.RES
E:\VS2010\VS2010PROJECT\PROJECT\EX5判断素数\RELEASE\VC100.PDB
