E:\VS2010\VS2010PROJECT\PROJECT\显示一行字\DEBUG\BCONTROL.OBJ
E:\VS2010\VS2010PROJECT\PROJECT\显示一行字\DEBUG\BFORM.OBJ
E:\VS2010\VS2010PROJECT\PROJECT\显示一行字\DEBUG\BMENUITEM.OBJ
E:\VS2010\VS2010PROJECT\PROJECT\显示一行字\DEBUG\BWINDOWS.OBJ
E:\VS2010\VS2010PROJECT\PROJECT\显示一行字\DEBUG\BWNDBASE.OBJ
E:\VS2010\VS2010Project\Project\显示一行字\Debug\cl.command.1.tlog
E:\VS2010\VS2010Project\Project\显示一行字\Debug\CL.read.1.tlog
E:\VS2010\VS2010Project\Project\显示一行字\Debug\CL.write.1.tlog
E:\VS2010\VS2010Project\Project\显示一行字\Debug\link.11628.read.1.tlog
E:\VS2010\VS2010Project\Project\显示一行字\Debug\link.11628.write.1.tlog
E:\VS2010\VS2010Project\Project\显示一行字\Debug\link.11628-cvtres.read.1.tlog
E:\VS2010\VS2010Project\Project\显示一行字\Debug\link.11628-cvtres.write.1.tlog
E:\VS2010\VS2010Project\Project\显示一行字\Debug\link.11880.read.1.tlog
E:\VS2010\VS2010Project\Project\显示一行字\Debug\link.11880.write.1.tlog
E:\VS2010\VS2010Project\Project\显示一行字\Debug\link.11880-cvtres.read.1.tlog
E:\VS2010\VS2010Project\Project\显示一行字\Debug\link.11880-cvtres.write.1.tlog
E:\VS2010\VS2010Project\Project\显示一行字\Debug\link.2884.read.1.tlog
E:\VS2010\VS2010Project\Project\显示一行字\Debug\link.2884.write.1.tlog
E:\VS2010\VS2010Project\Project\显示一行字\Debug\link.2884-cvtres.read.1.tlog
E:\VS2010\VS2010Project\Project\显示一行字\Debug\link.2884-cvtres.write.1.tlog
E:\VS2010\VS2010Project\Project\显示一行字\Debug\link.3764.read.1.tlog
E:\VS2010\VS2010Project\Project\显示一行字\Debug\link.3764.write.1.tlog
E:\VS2010\VS2010Project\Project\显示一行字\Debug\link.3764-cvtres.read.1.tlog
E:\VS2010\VS2010Project\Project\显示一行字\Debug\link.3764-cvtres.write.1.tlog
E:\VS2010\VS2010Project\Project\显示一行字\Debug\link.6572.read.1.tlog
E:\VS2010\VS2010Project\Project\显示一行字\Debug\link.6572.write.1.tlog
E:\VS2010\VS2010Project\Project\显示一行字\Debug\link.6572-cvtres.read.1.tlog
E:\VS2010\VS2010Project\Project\显示一行字\Debug\link.6572-cvtres.write.1.tlog
E:\VS2010\VS2010Project\Project\显示一行字\Debug\link.command.1.tlog
E:\VS2010\VS2010Project\Project\显示一行字\Debug\link.read.1.tlog
E:\VS2010\VS2010Project\Project\显示一行字\Debug\link.write.1.tlog
E:\VS2010\VS2010Project\Project\显示一行字\Debug\link-cvtres.read.1.tlog
E:\VS2010\VS2010Project\Project\显示一行字\Debug\link-cvtres.write.1.tlog
E:\VS2010\VS2010PROJECT\PROJECT\显示一行字\DEBUG\MAIN.OBJ
E:\VS2010\VS2010Project\Project\显示一行字\Debug\mt.command.1.tlog
E:\VS2010\VS2010Project\Project\显示一行字\Debug\mt.read.1.tlog
E:\VS2010\VS2010Project\Project\显示一行字\Debug\mt.write.1.tlog
E:\VS2010\VS2010Project\Project\显示一行字\Debug\rc.command.1.tlog
E:\VS2010\VS2010Project\Project\显示一行字\Debug\rc.read.1.tlog
E:\VS2010\VS2010Project\Project\显示一行字\Debug\rc.write.1.tlog
E:\VS2010\VS2010PROJECT\PROJECT\显示一行字\DEBUG\TEMPLATE.RES
E:\VS2010\VS2010Project\Project\显示一行字\Debug\vc100.idb
E:\VS2010\VS2010PROJECT\PROJECT\显示一行字\DEBUG\VC100.PDB
E:\VS2010\VS2010Project\Project\显示一行字\Debug\显示一行字.exe
E:\VS2010\VS2010PROJECT\PROJECT\显示一行字\DEBUG\显示一行字.EXE.EMBED.MANIFEST
E:\VS2010\VS2010PROJECT\PROJECT\显示一行字\DEBUG\显示一行字.EXE.EMBED.MANIFEST.RES
E:\VS2010\VS2010Project\Project\显示一行字\Debug\显示一行字.exe.intermediate.manifest
E:\VS2010\VS2010Project\Project\显示一行字\Debug\显示一行字.ilk
E:\VS2010\VS2010Project\Project\显示一行字\Debug\显示一行字.pdb
E:\VS2010\VS2010Project\Project\显示一行字\Debug\显示一行字.write.1.tlog
E:\VS2010\VS2010Project\Project\显示一行字\Debug\显示一行字_manifest.rc
