生成启动时间为 2024/3/5 21:19:39。
     1>项目“E:\VS2010\VS2010Project\Project\显示一行字\显示一行字.vcxproj”在节点 2 上(rebuild 个目标)。
     1>_PrepareForClean:
         正在删除文件“Debug\显示一行字.lastbuildstate”。
       InitializeBuildStatus:
         正在对“Debug\显示一行字.unsuccessfulbuild”执行 Touch 任务。
       ClCompile:
         E:\VS2010\VS2010\VC\bin\CL.exe /c /ZI /nologo /W3 /WX- /Od /Oy- /D WIN32 /D _DEBUG /D _WINDOWS /D _UNICODE /D UNICODE /Gm /EHsc /RTC1 /MTd /GS /fp:precise /Zc:wchar_t /Zc:forScope /Fo"Debug\\" /Fd"Debug\vc100.pdb" /Gd /TP /analyze- /errorReport:prompt BControl.cpp BForm.cpp BMenuItem.cpp BWindows.cpp BWndBase.cpp main.cpp
         main.cpp
         BWndBase.cpp
         BWindows.cpp
         BMenuItem.cpp
         BForm.cpp
         BControl.cpp
         正在生成代码...
       ResourceCompile:
         C:\Program Files (x86)\Microsoft SDKs\Windows\v7.0A\bin\rc.exe /D _UNICODE /D UNICODE /l"0x0409" /nologo /fo"Debug\template.res" template.rc 
       ManifestResourceCompile:
         C:\Program Files (x86)\Microsoft SDKs\Windows\v7.0A\bin\rc.exe /nologo /fo"Debug\显示一行字.exe.embed.manifest.res" "Debug\显示一行字_manifest.rc" 
       Link:
         E:\VS2010\VS2010\VC\bin\link.exe /ERRORREPORT:PROMPT /OUT:"E:\VS2010\VS2010Project\Project\显示一行字\Debug\显示一行字.exe" /INCREMENTAL /NOLOGO kernel32.lib user32.lib gdi32.lib winspool.lib comdlg32.lib advapi32.lib shell32.lib ole32.lib oleaut32.lib uuid.lib odbc32.lib odbccp32.lib /MANIFEST /ManifestFile:"Debug\显示一行字.exe.intermediate.manifest" /MANIFESTUAC:"level='asInvoker' uiAccess='false'" /DEBUG /PDB:"E:\VS2010\VS2010Project\Project\显示一行字\Debug\显示一行字.pdb" /SUBSYSTEM:WINDOWS /TLBID:1 /DYNAMICBASE /NXCOMPAT /IMPLIB:"E:\VS2010\VS2010Project\Project\显示一行字\Debug\显示一行字.lib" /MACHINE:X86 Debug\template.res
         "Debug\显示一行字.exe.embed.manifest.res"
         Debug\BControl.obj
         Debug\BForm.obj
         Debug\BMenuItem.obj
         Debug\BWindows.obj
         Debug\BWndBase.obj
         Debug\main.obj
       Manifest:
         正在删除文件“Debug\显示一行字.exe.embed.manifest”。
         C:\Program Files (x86)\Microsoft SDKs\Windows\v7.0A\bin\mt.exe /nologo /verbose /out:"Debug\显示一行字.exe.embed.manifest" /manifest "Debug\显示一行字.exe.intermediate.manifest"
         C:\Program Files (x86)\Microsoft SDKs\Windows\v7.0A\bin\rc.exe /nologo /fo"Debug\显示一行字.exe.embed.manifest.res" "Debug\显示一行字_manifest.rc" 
       LinkEmbedManifest:
         E:\VS2010\VS2010\VC\bin\link.exe /ERRORREPORT:PROMPT /OUT:"E:\VS2010\VS2010Project\Project\显示一行字\Debug\显示一行字.exe" /INCREMENTAL /NOLOGO kernel32.lib user32.lib gdi32.lib winspool.lib comdlg32.lib advapi32.lib shell32.lib ole32.lib oleaut32.lib uuid.lib odbc32.lib odbccp32.lib /MANIFEST /ManifestFile:"Debug\显示一行字.exe.intermediate.manifest" /MANIFESTUAC:"level='asInvoker' uiAccess='false'" /DEBUG /PDB:"E:\VS2010\VS2010Project\Project\显示一行字\Debug\显示一行字.pdb" /SUBSYSTEM:WINDOWS /TLBID:1 /DYNAMICBASE /NXCOMPAT /IMPLIB:"E:\VS2010\VS2010Project\Project\显示一行字\Debug\显示一行字.lib" /MACHINE:X86 Debug\template.res
         "Debug\显示一行字.exe.embed.manifest.res"
         Debug\BControl.obj
         Debug\BForm.obj
         Debug\BMenuItem.obj
         Debug\BWindows.obj
         Debug\BWndBase.obj
         Debug\main.obj
         显示一行字.vcxproj -> E:\VS2010\VS2010Project\Project\显示一行字\Debug\显示一行字.exe
       FinalizeBuildStatus:
         正在删除文件“Debug\显示一行字.unsuccessfulbuild”。
         正在对“Debug\显示一行字.lastbuildstate”执行 Touch 任务。
     1>已完成生成项目“E:\VS2010\VS2010Project\Project\显示一行字\显示一行字.vcxproj”(rebuild 个目标)的操作。

生成成功。

已用时间 00:00:03.82
