E:\VS2010\VS2010PROJECT\PROJECT\显示一行字\RELEASE\BCONTROL.OBJ
E:\VS2010\VS2010PROJECT\PROJECT\显示一行字\RELEASE\BFORM.OBJ
E:\VS2010\VS2010PROJECT\PROJECT\显示一行字\RELEASE\BMENUITEM.OBJ
E:\VS2010\VS2010PROJECT\PROJECT\显示一行字\RELEASE\BWINDOWS.OBJ
E:\VS2010\VS2010PROJECT\PROJECT\显示一行字\RELEASE\BWNDBASE.OBJ
E:\VS2010\VS2010Project\Project\显示一行字\Release\cl.command.1.tlog
E:\VS2010\VS2010Project\Project\显示一行字\Release\CL.read.1.tlog
E:\VS2010\VS2010Project\Project\显示一行字\Release\CL.write.1.tlog
E:\VS2010\VS2010Project\Project\显示一行字\Release\link.command.1.tlog
E:\VS2010\VS2010Project\Project\显示一行字\Release\link.read.1.tlog
E:\VS2010\VS2010Project\Project\显示一行字\Release\link.write.1.tlog
E:\VS2010\VS2010Project\Project\显示一行字\Release\link-cvtres.read.1.tlog
E:\VS2010\VS2010Project\Project\显示一行字\Release\link-cvtres.write.1.tlog
E:\VS2010\VS2010PROJECT\PROJECT\显示一行字\RELEASE\MAIN.OBJ
E:\VS2010\VS2010Project\Project\显示一行字\Release\mt.command.1.tlog
E:\VS2010\VS2010Project\Project\显示一行字\Release\mt.read.1.tlog
E:\VS2010\VS2010Project\Project\显示一行字\Release\mt.write.1.tlog
E:\VS2010\VS2010Project\Project\显示一行字\Release\rc.command.1.tlog
E:\VS2010\VS2010Project\Project\显示一行字\Release\rc.read.1.tlog
E:\VS2010\VS2010Project\Project\显示一行字\Release\rc.write.1.tlog
E:\VS2010\VS2010PROJECT\PROJECT\显示一行字\RELEASE\TEMPLATE.RES
E:\VS2010\VS2010PROJECT\PROJECT\显示一行字\RELEASE\VC100.PDB
E:\VS2010\VS2010PROJECT\PROJECT\显示一行字\RELEASE\显示一行字.EXE
E:\VS2010\VS2010PROJECT\PROJECT\显示一行字\RELEASE\显示一行字.EXE.INTERMEDIATE.MANIFEST
E:\VS2010\VS2010PROJECT\PROJECT\显示一行字\RELEASE\显示一行字.PDB
E:\VS2010\VS2010Project\Project\显示一行字\Release\显示一行字.write.1.tlog
