生成启动时间为 2024/4/27 0:18:46。
     1>项目“E:\VS2010\VS2010Project\Project\ex9模拟抢红包\ex9模拟抢红包.vcxproj”在节点 2 上(build 个目标)。
     1>InitializeBuildStatus:
         正在创建“Debug\ex9模拟抢红包.unsuccessfulbuild”，因为已指定“AlwaysCreate”。
       ClCompile:
         E:\VS2010\VS2010\VC\bin\CL.exe /c /ZI /nologo /W3 /WX- /Od /Oy- /D WIN32 /D _DEBUG /D _WINDOWS /D _UNICODE /D UNICODE /Gm /EHsc /RTC1 /MDd /GS /fp:precise /Zc:wchar_t /Zc:forScope /Fo"Debug\\" /Fd"Debug\vc100.pdb" /Gd /TP /analyze- /errorReport:prompt main.cpp
         正在跳过...(未检测到相关更改)
         main.cpp
       ResourceCompile:
         所有输出均为最新。
       ManifestResourceCompile:
         所有输出均为最新。
       Link:
         E:\VS2010\VS2010\VC\bin\link.exe /ERRORREPORT:PROMPT /OUT:"E:\VS2010\VS2010Project\Project\ex9模拟抢红包\Debug\ex9模拟抢红包.exe" /INCREMENTAL /NOLOGO kernel32.lib user32.lib gdi32.lib winspool.lib comdlg32.lib advapi32.lib shell32.lib ole32.lib oleaut32.lib uuid.lib odbc32.lib odbccp32.lib /MANIFEST /ManifestFile:"Debug\ex9模拟抢红包.exe.intermediate.manifest" /MANIFESTUAC:"level='asInvoker' uiAccess='false'" /DEBUG /PDB:"E:\VS2010\VS2010Project\Project\ex9模拟抢红包\Debug\ex9模拟抢红包.pdb" /SUBSYSTEM:WINDOWS /TLBID:1 /DYNAMICBASE /NXCOMPAT /IMPLIB:"E:\VS2010\VS2010Project\Project\ex9模拟抢红包\Debug\ex9模拟抢红包.lib" /MACHINE:X86 Debug\template.res
         "Debug\ex9模拟抢红包.exe.embed.manifest.res"
         Debug\BControl.obj
         Debug\BForm.obj
         Debug\BMenuItem.obj
         Debug\CRedPackage.obj
         Debug\BWindows.obj
         Debug\BWndBase.obj
         Debug\main.obj
       Manifest:
         C:\Program Files (x86)\Microsoft SDKs\Windows\v7.0A\bin\mt.exe /nologo /verbose /out:"Debug\ex9模拟抢红包.exe.embed.manifest" /manifest "Debug\ex9模拟抢红包.exe.intermediate.manifest"
         所有输出均为最新。
       LinkEmbedManifest:
         所有输出均为最新。
         ex9模拟抢红包.vcxproj -> E:\VS2010\VS2010Project\Project\ex9模拟抢红包\Debug\ex9模拟抢红包.exe
       FinalizeBuildStatus:
         正在删除文件“Debug\ex9模拟抢红包.unsuccessfulbuild”。
         正在对“Debug\ex9模拟抢红包.lastbuildstate”执行 Touch 任务。
     1>已完成生成项目“E:\VS2010\VS2010Project\Project\ex9模拟抢红包\ex9模拟抢红包.vcxproj”(build 个目标)的操作。

生成成功。

已用时间 00:00:00.22
